{
  "RSpec": {
    "coverage": {
      "/Users/christopheleray/Desktop/THP/thp_next/NextEd/app/helpers/application_helper.rb": [
        null,
        null,
        1,
        null
      ],
      "/Users/christopheleray/Desktop/THP/thp_next/NextEd/app/models/skill.rb": [
        null,
        null,
        null,
        null,
        null,
        null,
        null,
        null,
        null,
        null,
        null,
        null,
        null,
        1,
        1,
        null
      ],
      "/Users/christopheleray/Desktop/THP/thp_next/NextEd/app/models/application_record.rb": [
        null,
        null,
        1,
        1,
        null
      ],
      "/Users/christopheleray/Desktop/THP/thp_next/NextEd/app/channels/application_cable/channel.rb": [
        null,
        null,
        0,
        0,
        0,
        0
      ],
      "/Users/christopheleray/Desktop/THP/thp_next/NextEd/app/channels/application_cable/connection.rb": [
        null,
        null,
        0,
        0,
        0,
        0
      ],
      "/Users/christopheleray/Desktop/THP/thp_next/NextEd/app/controllers/application_controller.rb": [
        null,
        null,
        0,
        0
      ],
      "/Users/christopheleray/Desktop/THP/thp_next/NextEd/app/jobs/application_job.rb": [
        null,
        null,
        0,
        0
      ],
      "/Users/christopheleray/Desktop/THP/thp_next/NextEd/app/mailers/application_mailer.rb": [
        null,
        null,
        0,
        0,
        0,
        0
      ],
      "/Users/christopheleray/Desktop/THP/thp_next/NextEd/app/models/culture.rb": [
        null,
        null,
        null,
        null,
        null,
        null,
        null,
        null,
        null,
        null,
        null,
        null,
        null,
        0,
        0,
        0,
        0
      ],
      "/Users/christopheleray/Desktop/THP/thp_next/NextEd/app/models/domain.rb": [
        null,
        null,
        null,
        null,
        null,
        null,
        null,
        null,
        null,
        null,
        null,
        null,
        null,
        null,
        0,
        0,
        0,
        0,
        0
      ]
    },
    "timestamp": 1550071343
  }
}
