{
  "RSpec": {
    "coverage": {
      "/home/ubuntu/workspace/app/helpers/application_helper.rb": [
        null,
        null,
        1,
        null
      ],
      "/home/ubuntu/workspace/app/helpers/lessons_helper.rb": [
        1,
        null
      ],
      "/home/ubuntu/workspace/app/controllers/lessons_controller.rb": [
        1,
        1,
        null,
        null,
        1,
        null,
        null,
        1,
        null,
        null,
        1,
        null,
        null
      ],
      "/home/ubuntu/workspace/app/controllers/application_controller.rb": [
        null,
        null,
        1,
        null
      ],
      "/home/ubuntu/workspace/app/mailers/application_mailer.rb": [
        null,
        null,
        0,
        0,
        0,
        0
      ],
      "/home/ubuntu/workspace/app/models/application_record.rb": [
        null,
        null,
        0,
        0,
        0
      ],
      "/home/ubuntu/workspace/app/models/lesson.rb": [
        null,
        null,
        0,
        0
      ],
      "/home/ubuntu/workspace/app/channels/application_cable/channel.rb": [
        null,
        null,
        0,
        0,
        0,
        0
      ],
      "/home/ubuntu/workspace/app/channels/application_cable/connection.rb": [
        null,
        null,
        0,
        0,
        0,
        0
      ],
      "/home/ubuntu/workspace/app/jobs/application_job.rb": [
        null,
        null,
        0,
        0
      ]
    },
    "timestamp": 1550065620
  }
}
